<?xml version="1.0" encoding="utf-8"?><testsuites name="pytest tests"><testsuite name="pytest" errors="0" failures="0" skipped="0" tests="10" time="1.532" timestamp="2026-06-06T18:04:13.235848+00:00" hostname="agent-env-531e59e3-6c06-4852-b5d7-60edca6051d2"><testcase classname="backend.tests.backend_test" name="test_root" time="0.225" /><testcase classname="backend.tests.backend_test" name="test_events_list" time="0.110" /><testcase classname="backend.tests.backend_test" name="test_event_detail_ok" time="0.108" /><testcase classname="backend.tests.backend_test" name="test_event_detail_404" time="0.156" /><testcase classname="backend.tests.backend_test" name="test_registration_create_and_persist" time="0.249" /><testcase classname="backend.tests.backend_test" name="test_registration_invalid_event" time="0.130" /><testcase classname="backend.tests.backend_test" name="test_registration_invalid_email" time="0.089" /><testcase classname="backend.tests.backend_test" name="test_registrations_list_sorted_desc" time="0.117" /><testcase classname="backend.tests.backend_test" name="test_contact_submit" time="0.120" /><testcase classname="backend.tests.backend_test" name="test_stats" time="0.093" /></testsuite></testsuites>